This file contains any messages produced by compilers while
running configure, to aid debugging if configure makes a mistake.

It was created by gyoto-python configure 0.0.0, which was
generated by GNU Autoconf 2.71.  Invocation command line was

  $ ./configure --disable-option-checking --prefix=/usr/local --cache-file=/dev/null --srcdir=.

## --------- ##
## Platform. ##
## --------- ##

hostname = junichi-VirtualBox
uname -m = x86_64
uname -r = 6.5.0-44-generic
uname -s = Linux
uname -v = #44~22.04.1-Ubuntu SMP PREEMPT_DYNAMIC Tue Jun 18 14:36:16 UTC 2

/usr/bin/uname -p = x86_64
/bin/uname -X     = unknown

/bin/arch              = x86_64
/usr/bin/arch -k       = unknown
/usr/convex/getsysinfo = unknown
/usr/bin/hostinfo      = unknown
/bin/machine           = unknown
/usr/bin/oslevel       = unknown
/bin/universe          = unknown

PATH: /usr/local/sbin/
PATH: /usr/local/bin/
PATH: /usr/sbin/
PATH: /usr/bin/
PATH: /sbin/
PATH: /bin/
PATH: /usr/games/
PATH: /usr/local/games/
PATH: /snap/bin/
PATH: /snap/bin/


## ----------- ##
## Core tests. ##
## ----------- ##

configure:2815: looking for aux files: compile ltmain.sh missing install-sh config.guess config.sub
configure:2828:  trying ./
configure:2857:   ./missing found
configure:2857:   ./config.guess found
configure:2857:   ./config.sub found
configure:2828:  trying ./../
configure:2828:  trying ./../../
configure:2857:   ./../../compile found
configure:2857:   ./../../ltmain.sh found
configure:2857:   ./../../missing found
configure:2839:   ./../../install-sh found
configure:2857:   ./../../config.guess found
configure:2857:   ./../../config.sub found
configure:2977: checking build system type
configure:2992: result: x86_64-unknown-linux-gnu
configure:3012: checking host system type
configure:3026: result: x86_64-unknown-linux-gnu
configure:3046: checking target system type
configure:3060: result: x86_64-unknown-linux-gnu
configure:3104: checking for a BSD-compatible install
configure:3177: result: /usr/bin/install -c
configure:3188: checking whether build environment is sane
configure:3243: result: yes
configure:3402: checking for a race-free mkdir -p
configure:3446: result: /usr/bin/mkdir -p
configure:3453: checking for gawk
configure:3488: result: no
configure:3453: checking for mawk
configure:3474: found /usr/bin/mawk
configure:3485: result: mawk
configure:3496: checking whether make sets $(MAKE)
configure:3519: result: yes
configure:3549: checking whether make supports nested variables
configure:3567: result: yes
configure:3750: checking how to print strings
configure:3777: result: printf
configure:3811: checking whether make supports the include directive
configure:3826: make -f confmf.GNU && cat confinc.out
this is the am__doit target
configure:3829: $? = 0
configure:3848: result: yes (GNU style)
configure:3924: checking for gcc
configure:3945: found /usr/bin/gcc
configure:3956: result: gcc
configure:4309: checking for C compiler version
configure:4318: gcc --version >&5
gcc (Ubuntu 11.4.0-1ubuntu1~22.04) 11.4.0
Copyright (C) 2021 Free Software Foundation, Inc.
This is free software; see the source for copying conditions.  There is NO
warranty; not even for MERCHANTABILITY or FITNESS FOR A PARTICULAR PURPOSE.

configure:4329: $? = 0
configure:4318: gcc -v >&5
Using built-in specs.
COLLECT_GCC=gcc
COLLECT_LTO_WRAPPER=/usr/lib/gcc/x86_64-linux-gnu/11/lto-wrapper
OFFLOAD_TARGET_NAMES=nvptx-none:amdgcn-amdhsa
OFFLOAD_TARGET_DEFAULT=1
Target: x86_64-linux-gnu
Configured with: ../src/configure -v --with-pkgversion='Ubuntu 11.4.0-1ubuntu1~22.04' --with-bugurl=file:///usr/share/doc/gcc-11/README.Bugs --enable-languages=c,ada,c++,go,brig,d,fortran,objc,obj-c++,m2 --prefix=/usr --with-gcc-major-version-only --program-suffix=-11 --program-prefix=x86_64-linux-gnu- --enable-shared --enable-linker-build-id --libexecdir=/usr/lib --without-included-gettext --enable-threads=posix --libdir=/usr/lib --enable-nls --enable-bootstrap --enable-clocale=gnu --enable-libstdcxx-debug --enable-libstdcxx-time=yes --with-default-libstdcxx-abi=new --enable-gnu-unique-object --disable-vtable-verify --enable-plugin --enable-default-pie --with-system-zlib --enable-libphobos-checking=release --with-target-system-zlib=auto --enable-objc-gc=auto --enable-multiarch --disable-werror --enable-cet --with-arch-32=i686 --with-abi=m64 --with-multilib-list=m32,m64,mx32 --enable-multilib --with-tune=generic --enable-offload-targets=nvptx-none=/build/gcc-11-XeT9lY/gcc-11-11.4.0/debian/tmp-nvptx/usr,amdgcn-amdhsa=/build/gcc-11-XeT9lY/gcc-11-11.4.0/debian/tmp-gcn/usr --without-cuda-driver --enable-checking=release --build=x86_64-linux-gnu --host=x86_64-linux-gnu --target=x86_64-linux-gnu --with-build-config=bootstrap-lto-lean --enable-link-serialization=2
Thread model: posix
Supported LTO compression algorithms: zlib zstd
gcc version 11.4.0 (Ubuntu 11.4.0-1ubuntu1~22.04) 
... rest of stderr output deleted ...
configure:4329: $? = 0
configure:4318: gcc -V >&5
gcc: error: unrecognized command-line option '-V'
gcc: fatal error: no input files
compilation terminated.
configure:4329: $? = 1
configure:4318: gcc -qversion >&5
gcc: error: unrecognized command-line option '-qversion'; did you mean '--version'?
gcc: fatal error: no input files
compilation terminated.
configure:4329: $? = 1
configure:4318: gcc -version >&5
gcc: error: unrecognized command-line option '-version'
gcc: fatal error: no input files
compilation terminated.
configure:4329: $? = 1
configure:4349: checking whether the C compiler works
configure:4371: gcc    conftest.c  >&5
configure:4375: $? = 0
configure:4425: result: yes
configure:4428: checking for C compiler default output file name
configure:4430: result: a.out
configure:4436: checking for suffix of executables
configure:4443: gcc -o conftest    conftest.c  >&5
configure:4447: $? = 0
configure:4470: result: 
configure:4492: checking whether we are cross compiling
configure:4500: gcc -o conftest    conftest.c  >&5
configure:4504: $? = 0
configure:4511: ./conftest
configure:4515: $? = 0
configure:4530: result: no
configure:4535: checking for suffix of object files
configure:4558: gcc -c   conftest.c >&5
configure:4562: $? = 0
configure:4584: result: o
configure:4588: checking whether the compiler supports GNU C
configure:4608: gcc -c   conftest.c >&5
configure:4608: $? = 0
configure:4618: result: yes
configure:4629: checking whether gcc accepts -g
configure:4650: gcc -c -g  conftest.c >&5
configure:4650: $? = 0
configure:4694: result: yes
configure:4714: checking for gcc option to enable C11 features
configure:4729: gcc  -c -g -O2  conftest.c >&5
configure:4729: $? = 0
configure:4747: result: none needed
configure:4863: checking whether gcc understands -c and -o together
configure:4886: gcc -c conftest.c -o conftest2.o
configure:4889: $? = 0
configure:4886: gcc -c conftest.c -o conftest2.o
configure:4889: $? = 0
configure:4901: result: yes
configure:4920: checking dependency style of gcc
configure:5032: result: gcc3
configure:5047: checking for a sed that does not truncate output
configure:5117: result: /usr/bin/sed
configure:5135: checking for grep that handles long lines and -e
configure:5199: result: /usr/bin/grep
configure:5204: checking for egrep
configure:5272: result: /usr/bin/grep -E
configure:5277: checking for fgrep
configure:5345: result: /usr/bin/grep -F
configure:5381: checking for ld used by gcc
configure:5449: result: /usr/bin/ld
configure:5456: checking if the linker (/usr/bin/ld) is GNU ld
configure:5472: result: yes
configure:5484: checking for BSD- or MS-compatible name lister (nm)
configure:5539: result: /usr/bin/nm -B
configure:5679: checking the name lister (/usr/bin/nm -B) interface
configure:5687: gcc -c -g -O2  conftest.c >&5
configure:5690: /usr/bin/nm -B "conftest.o"
configure:5693: output
0000000000000000 B some_variable
configure:5700: result: BSD nm
configure:5703: checking whether ln -s works
configure:5707: result: yes
configure:5715: checking the maximum length of command line arguments
configure:5847: result: 1572864
configure:5895: checking how to convert x86_64-unknown-linux-gnu file names to x86_64-unknown-linux-gnu format
configure:5936: result: func_convert_file_noop
configure:5943: checking how to convert x86_64-unknown-linux-gnu file names to toolchain format
configure:5964: result: func_convert_file_noop
configure:5971: checking for /usr/bin/ld option to reload object files
configure:5979: result: -r
configure:6058: checking for objdump
configure:6079: found /usr/bin/objdump
configure:6090: result: objdump
configure:6122: checking how to recognize dependent libraries
configure:6323: result: pass_all
configure:6413: checking for dlltool
configure:6448: result: no
configure:6478: checking how to associate runtime and link libraries
configure:6506: result: printf %s\n
configure:6572: checking for ar
configure:6593: found /usr/bin/ar
configure:6604: result: ar
configure:6641: checking for archiver @FILE support
configure:6659: gcc -c -g -O2  conftest.c >&5
configure:6659: $? = 0
configure:6663: ar cr libconftest.a @conftest.lst >&5
configure:6666: $? = 0
configure:6671: ar cr libconftest.a @conftest.lst >&5
ar: conftest.o: No such file or directory
configure:6674: $? = 1
configure:6686: result: @
configure:6749: checking for strip
configure:6770: found /usr/bin/strip
configure:6781: result: strip
configure:6858: checking for ranlib
configure:6879: found /usr/bin/ranlib
configure:6890: result: ranlib
configure:6992: checking command to parse /usr/bin/nm -B output from gcc object
configure:7146: gcc -c -g -O2  conftest.c >&5
configure:7149: $? = 0
configure:7153: /usr/bin/nm -B conftest.o | sed -n -e 's/^.*[	 ]\([ABCDGIRSTW][ABCDGIRSTW]*\)[	 ][	 ]*\([_A-Za-z][_A-Za-z0-9]*\)$/\1 \2 \2/p' | sed '/ __gnu_lto/d' > conftest.nm
configure:7219: gcc -o conftest -g -O2   conftest.c conftstm.o >&5
configure:7222: $? = 0
configure:7260: result: ok
configure:7307: checking for sysroot
configure:7338: result: no
configure:7345: checking for a working dd
configure:7389: result: /usr/bin/dd
configure:7393: checking how to truncate binary pipes
configure:7409: result: /usr/bin/dd bs=4096 count=1
configure:7546: gcc -c -g -O2  conftest.c >&5
configure:7549: $? = 0
configure:7746: checking for mt
configure:7767: found /usr/bin/mt
configure:7778: result: mt
configure:7801: checking if mt is a manifest tool
configure:7808: mt '-?'
configure:7816: result: no
configure:8546: checking for stdio.h
configure:8546: gcc -c -g -O2  conftest.c >&5
configure:8546: $? = 0
configure:8546: result: yes
configure:8546: checking for stdlib.h
configure:8546: gcc -c -g -O2  conftest.c >&5
configure:8546: $? = 0
configure:8546: result: yes
configure:8546: checking for string.h
configure:8546: gcc -c -g -O2  conftest.c >&5
configure:8546: $? = 0
configure:8546: result: yes
configure:8546: checking for inttypes.h
configure:8546: gcc -c -g -O2  conftest.c >&5
configure:8546: $? = 0
configure:8546: result: yes
configure:8546: checking for stdint.h
configure:8546: gcc -c -g -O2  conftest.c >&5
configure:8546: $? = 0
configure:8546: result: yes
configure:8546: checking for strings.h
configure:8546: gcc -c -g -O2  conftest.c >&5
configure:8546: $? = 0
configure:8546: result: yes
configure:8546: checking for sys/stat.h
configure:8546: gcc -c -g -O2  conftest.c >&5
configure:8546: $? = 0
configure:8546: result: yes
configure:8546: checking for sys/types.h
configure:8546: gcc -c -g -O2  conftest.c >&5
configure:8546: $? = 0
configure:8546: result: yes
configure:8546: checking for unistd.h
configure:8546: gcc -c -g -O2  conftest.c >&5
configure:8546: $? = 0
configure:8546: result: yes
configure:8571: checking for dlfcn.h
configure:8571: gcc -c -g -O2  conftest.c >&5
configure:8571: $? = 0
configure:8571: result: yes
configure:8778: checking for objdir
configure:8794: result: .libs
configure:9054: checking if gcc supports -fno-rtti -fno-exceptions
configure:9073: gcc -c -g -O2  -fno-rtti -fno-exceptions conftest.c >&5
cc1: warning: command-line option '-fno-rtti' is valid for C++/D/ObjC++ but not for C
configure:9077: $? = 0
configure:9090: result: no
configure:9454: checking for gcc option to produce PIC
configure:9462: result: -fPIC -DPIC
configure:9470: checking if gcc PIC flag -fPIC -DPIC works
configure:9489: gcc -c -g -O2  -fPIC -DPIC -DPIC conftest.c >&5
configure:9493: $? = 0
configure:9506: result: yes
configure:9535: checking if gcc static flag -static works
configure:9564: result: yes
configure:9579: checking if gcc supports -c -o file.o
configure:9601: gcc -c -g -O2  -o out/conftest2.o conftest.c >&5
configure:9605: $? = 0
configure:9627: result: yes
configure:9635: checking if gcc supports -c -o file.o
configure:9683: result: yes
configure:9716: checking whether the gcc linker (/usr/bin/ld -m elf_x86_64) supports shared libraries
configure:10986: result: yes
configure:11023: checking whether -lc should be explicitly linked in
configure:11032: gcc -c -g -O2  conftest.c >&5
configure:11035: $? = 0
configure:11050: gcc -shared  -fPIC -DPIC conftest.o  -v -Wl,-soname -Wl,conftest -o conftest 2\>\&1 \| /usr/bin/grep  -lc  \>/dev/null 2\>\&1
configure:11053: $? = 0
configure:11067: result: no
configure:11227: checking dynamic linker characteristics
configure:11809: gcc -o conftest -g -O2   -Wl,-rpath -Wl,/foo conftest.c  >&5
configure:11809: $? = 0
configure:12060: result: GNU/Linux ld.so
configure:12182: checking how to hardcode library paths into programs
configure:12207: result: immediate
configure:12759: checking whether stripping libraries is possible
configure:12764: result: yes
configure:12799: checking if libtool supports shared libraries
configure:12801: result: yes
configure:12804: checking whether to build shared libraries
configure:12829: result: yes
configure:12832: checking whether to build static libraries
configure:12836: result: yes
configure:12944: checking for g++
configure:12965: found /usr/bin/g++
configure:12976: result: g++
configure:13003: checking for C++ compiler version
configure:13012: g++ --version >&5
g++ (Ubuntu 11.4.0-1ubuntu1~22.04) 11.4.0
Copyright (C) 2021 Free Software Foundation, Inc.
This is free software; see the source for copying conditions.  There is NO
warranty; not even for MERCHANTABILITY or FITNESS FOR A PARTICULAR PURPOSE.

configure:13023: $? = 0
configure:13012: g++ -v >&5
Using built-in specs.
COLLECT_GCC=g++
COLLECT_LTO_WRAPPER=/usr/lib/gcc/x86_64-linux-gnu/11/lto-wrapper
OFFLOAD_TARGET_NAMES=nvptx-none:amdgcn-amdhsa
OFFLOAD_TARGET_DEFAULT=1
Target: x86_64-linux-gnu
Configured with: ../src/configure -v --with-pkgversion='Ubuntu 11.4.0-1ubuntu1~22.04' --with-bugurl=file:///usr/share/doc/gcc-11/README.Bugs --enable-languages=c,ada,c++,go,brig,d,fortran,objc,obj-c++,m2 --prefix=/usr --with-gcc-major-version-only --program-suffix=-11 --program-prefix=x86_64-linux-gnu- --enable-shared --enable-linker-build-id --libexecdir=/usr/lib --without-included-gettext --enable-threads=posix --libdir=/usr/lib --enable-nls --enable-bootstrap --enable-clocale=gnu --enable-libstdcxx-debug --enable-libstdcxx-time=yes --with-default-libstdcxx-abi=new --enable-gnu-unique-object --disable-vtable-verify --enable-plugin --enable-default-pie --with-system-zlib --enable-libphobos-checking=release --with-target-system-zlib=auto --enable-objc-gc=auto --enable-multiarch --disable-werror --enable-cet --with-arch-32=i686 --with-abi=m64 --with-multilib-list=m32,m64,mx32 --enable-multilib --with-tune=generic --enable-offload-targets=nvptx-none=/build/gcc-11-XeT9lY/gcc-11-11.4.0/debian/tmp-nvptx/usr,amdgcn-amdhsa=/build/gcc-11-XeT9lY/gcc-11-11.4.0/debian/tmp-gcn/usr --without-cuda-driver --enable-checking=release --build=x86_64-linux-gnu --host=x86_64-linux-gnu --target=x86_64-linux-gnu --with-build-config=bootstrap-lto-lean --enable-link-serialization=2
Thread model: posix
Supported LTO compression algorithms: zlib zstd
gcc version 11.4.0 (Ubuntu 11.4.0-1ubuntu1~22.04) 
... rest of stderr output deleted ...
configure:13023: $? = 0
configure:13012: g++ -V >&5
g++: error: unrecognized command-line option '-V'
g++: fatal error: no input files
compilation terminated.
configure:13023: $? = 1
configure:13012: g++ -qversion >&5
g++: error: unrecognized command-line option '-qversion'; did you mean '--version'?
g++: fatal error: no input files
compilation terminated.
configure:13023: $? = 1
configure:13027: checking whether the compiler supports GNU C++
configure:13047: g++ -c   conftest.cpp >&5
configure:13047: $? = 0
configure:13057: result: yes
configure:13068: checking whether g++ accepts -g
configure:13089: g++ -c -g  conftest.cpp >&5
configure:13089: $? = 0
configure:13133: result: yes
configure:13153: checking for g++ option to enable C++11 features
configure:13168: g++  -c -g -O2  conftest.cpp >&5
conftest.cpp: In function 'int main(int, char**)':
conftest.cpp:189:25: warning: empty parentheses were disambiguated as a function declaration [-Wvexing-parse]
  189 |   cxx11test::delegate d2();
      |                         ^~
conftest.cpp:189:25: note: remove parentheses to default-initialize a variable
  189 |   cxx11test::delegate d2();
      |                         ^~
      |                         --
conftest.cpp:189:25: note: or replace parentheses with braces to value-initialize a variable
configure:13168: $? = 0
configure:13186: result: none needed
configure:13252: checking dependency style of g++
configure:13364: result: gcc3
configure:13397: checking how to run the C++ preprocessor
configure:13419: g++ -E  conftest.cpp
configure:13419: $? = 0
configure:13434: g++ -E  conftest.cpp
conftest.cpp:23:10: fatal error: ac_nonexistent.h: No such file or directory
   23 | #include <ac_nonexistent.h>
      |          ^~~~~~~~~~~~~~~~~~
compilation terminated.
configure:13434: $? = 1
configure: failed program was:
| /* confdefs.h */
| #define PACKAGE_NAME "gyoto-python"
| #define PACKAGE_TARNAME "gyoto-python"
| #define PACKAGE_VERSION "0.0.0"
| #define PACKAGE_STRING "gyoto-python 0.0.0"
| #define PACKAGE_BUGREPORT "gyoto@sympa.obspm.fr"
| #define PACKAGE_URL ""
| #define PACKAGE "gyoto-python"
| #define VERSION "0.0.0"
| #define HAVE_STDIO_H 1
| #define HAVE_STDLIB_H 1
| #define HAVE_STRING_H 1
| #define HAVE_INTTYPES_H 1
| #define HAVE_STDINT_H 1
| #define HAVE_STRINGS_H 1
| #define HAVE_SYS_STAT_H 1
| #define HAVE_SYS_TYPES_H 1
| #define HAVE_UNISTD_H 1
| #define STDC_HEADERS 1
| #define HAVE_DLFCN_H 1
| #define LT_OBJDIR ".libs/"
| /* end confdefs.h.  */
| #include <ac_nonexistent.h>
configure:13461: result: g++ -E
configure:13475: g++ -E  conftest.cpp
configure:13475: $? = 0
configure:13490: g++ -E  conftest.cpp
conftest.cpp:23:10: fatal error: ac_nonexistent.h: No such file or directory
   23 | #include <ac_nonexistent.h>
      |          ^~~~~~~~~~~~~~~~~~
compilation terminated.
configure:13490: $? = 1
configure: failed program was:
| /* confdefs.h */
| #define PACKAGE_NAME "gyoto-python"
| #define PACKAGE_TARNAME "gyoto-python"
| #define PACKAGE_VERSION "0.0.0"
| #define PACKAGE_STRING "gyoto-python 0.0.0"
| #define PACKAGE_BUGREPORT "gyoto@sympa.obspm.fr"
| #define PACKAGE_URL ""
| #define PACKAGE "gyoto-python"
| #define VERSION "0.0.0"
| #define HAVE_STDIO_H 1
| #define HAVE_STDLIB_H 1
| #define HAVE_STRING_H 1
| #define HAVE_INTTYPES_H 1
| #define HAVE_STDINT_H 1
| #define HAVE_STRINGS_H 1
| #define HAVE_SYS_STAT_H 1
| #define HAVE_SYS_TYPES_H 1
| #define HAVE_UNISTD_H 1
| #define STDC_HEADERS 1
| #define HAVE_DLFCN_H 1
| #define LT_OBJDIR ".libs/"
| /* end confdefs.h.  */
| #include <ac_nonexistent.h>
configure:13655: checking for ld used by g++
configure:13723: result: /usr/bin/ld -m elf_x86_64
configure:13730: checking if the linker (/usr/bin/ld -m elf_x86_64) is GNU ld
configure:13746: result: yes
configure:13801: checking whether the g++ linker (/usr/bin/ld -m elf_x86_64) supports shared libraries
configure:14878: result: yes
configure:14914: g++ -c -g -O2  conftest.cpp >&5
configure:14917: $? = 0
configure:15398: checking for g++ option to produce PIC
configure:15406: result: -fPIC -DPIC
configure:15414: checking if g++ PIC flag -fPIC -DPIC works
configure:15433: g++ -c -g -O2  -fPIC -DPIC -DPIC conftest.cpp >&5
configure:15437: $? = 0
configure:15450: result: yes
configure:15473: checking if g++ static flag -static works
configure:15502: result: yes
configure:15514: checking if g++ supports -c -o file.o
configure:15536: g++ -c -g -O2  -o out/conftest2.o conftest.cpp >&5
configure:15540: $? = 0
configure:15562: result: yes
configure:15567: checking if g++ supports -c -o file.o
configure:15615: result: yes
configure:15645: checking whether the g++ linker (/usr/bin/ld -m elf_x86_64) supports shared libraries
configure:15688: result: yes
configure:15830: checking dynamic linker characteristics
configure:16590: result: GNU/Linux ld.so
configure:16655: checking how to hardcode library paths into programs
configure:16680: result: immediate
configure:16773: checking for gcc
configure:16805: result: gcc
configure:17158: checking for C compiler version
configure:17167: gcc --version >&5
gcc (Ubuntu 11.4.0-1ubuntu1~22.04) 11.4.0
Copyright (C) 2021 Free Software Foundation, Inc.
This is free software; see the source for copying conditions.  There is NO
warranty; not even for MERCHANTABILITY or FITNESS FOR A PARTICULAR PURPOSE.

configure:17178: $? = 0
configure:17167: gcc -v >&5
Using built-in specs.
COLLECT_GCC=gcc
COLLECT_LTO_WRAPPER=/usr/lib/gcc/x86_64-linux-gnu/11/lto-wrapper
OFFLOAD_TARGET_NAMES=nvptx-none:amdgcn-amdhsa
OFFLOAD_TARGET_DEFAULT=1
Target: x86_64-linux-gnu
Configured with: ../src/configure -v --with-pkgversion='Ubuntu 11.4.0-1ubuntu1~22.04' --with-bugurl=file:///usr/share/doc/gcc-11/README.Bugs --enable-languages=c,ada,c++,go,brig,d,fortran,objc,obj-c++,m2 --prefix=/usr --with-gcc-major-version-only --program-suffix=-11 --program-prefix=x86_64-linux-gnu- --enable-shared --enable-linker-build-id --libexecdir=/usr/lib --without-included-gettext --enable-threads=posix --libdir=/usr/lib --enable-nls --enable-bootstrap --enable-clocale=gnu --enable-libstdcxx-debug --enable-libstdcxx-time=yes --with-default-libstdcxx-abi=new --enable-gnu-unique-object --disable-vtable-verify --enable-plugin --enable-default-pie --with-system-zlib --enable-libphobos-checking=release --with-target-system-zlib=auto --enable-objc-gc=auto --enable-multiarch --disable-werror --enable-cet --with-arch-32=i686 --with-abi=m64 --with-multilib-list=m32,m64,mx32 --enable-multilib --with-tune=generic --enable-offload-targets=nvptx-none=/build/gcc-11-XeT9lY/gcc-11-11.4.0/debian/tmp-nvptx/usr,amdgcn-amdhsa=/build/gcc-11-XeT9lY/gcc-11-11.4.0/debian/tmp-gcn/usr --without-cuda-driver --enable-checking=release --build=x86_64-linux-gnu --host=x86_64-linux-gnu --target=x86_64-linux-gnu --with-build-config=bootstrap-lto-lean --enable-link-serialization=2
Thread model: posix
Supported LTO compression algorithms: zlib zstd
gcc version 11.4.0 (Ubuntu 11.4.0-1ubuntu1~22.04) 
... rest of stderr output deleted ...
configure:17178: $? = 0
configure:17167: gcc -V >&5
gcc: error: unrecognized command-line option '-V'
gcc: fatal error: no input files
compilation terminated.
configure:17178: $? = 1
configure:17167: gcc -qversion >&5
gcc: error: unrecognized command-line option '-qversion'; did you mean '--version'?
gcc: fatal error: no input files
compilation terminated.
configure:17178: $? = 1
configure:17167: gcc -version >&5
gcc: error: unrecognized command-line option '-version'
gcc: fatal error: no input files
compilation terminated.
configure:17178: $? = 1
configure:17182: checking whether the compiler supports GNU C
configure:17212: result: yes
configure:17223: checking whether gcc accepts -g
configure:17288: result: yes
configure:17308: checking for gcc option to enable C11 features
configure:17341: result: none needed
configure:17457: checking whether gcc understands -c and -o together
configure:17495: result: yes
configure:17514: checking dependency style of gcc
configure:17626: result: gcc3
configure:17701: checking for pkg-config
configure:17724: found /usr/bin/pkg-config
configure:17736: result: /usr/bin/pkg-config
configure:17761: checking pkg-config is at least version 0.9.0
configure:17764: result: yes
configure:17783: checking for size_t
configure:17783: gcc -c -g -O2  conftest.c >&5
configure:17783: $? = 0
configure:17783: gcc -c -g -O2  conftest.c >&5
conftest.c: In function 'main':
conftest.c:54:21: error: expected expression before ')' token
   54 | if (sizeof ((size_t)))
      |                     ^
configure:17783: $? = 1
configure: failed program was:
| /* confdefs.h */
| #define PACKAGE_NAME "gyoto-python"
| #define PACKAGE_TARNAME "gyoto-python"
| #define PACKAGE_VERSION "0.0.0"
| #define PACKAGE_STRING "gyoto-python 0.0.0"
| #define PACKAGE_BUGREPORT "gyoto@sympa.obspm.fr"
| #define PACKAGE_URL ""
| #define PACKAGE "gyoto-python"
| #define VERSION "0.0.0"
| #define HAVE_STDIO_H 1
| #define HAVE_STDLIB_H 1
| #define HAVE_STRING_H 1
| #define HAVE_INTTYPES_H 1
| #define HAVE_STDINT_H 1
| #define HAVE_STRINGS_H 1
| #define HAVE_SYS_STAT_H 1
| #define HAVE_SYS_TYPES_H 1
| #define HAVE_UNISTD_H 1
| #define STDC_HEADERS 1
| #define HAVE_DLFCN_H 1
| #define LT_OBJDIR ".libs/"
| /* end confdefs.h.  */
| #include <stddef.h>
| #ifdef HAVE_STDIO_H
| # include <stdio.h>
| #endif
| #ifdef HAVE_STDLIB_H
| # include <stdlib.h>
| #endif
| #ifdef HAVE_STRING_H
| # include <string.h>
| #endif
| #ifdef HAVE_INTTYPES_H
| # include <inttypes.h>
| #endif
| #ifdef HAVE_STDINT_H
| # include <stdint.h>
| #endif
| #ifdef HAVE_STRINGS_H
| # include <strings.h>
| #endif
| #ifdef HAVE_SYS_TYPES_H
| # include <sys/types.h>
| #endif
| #ifdef HAVE_SYS_STAT_H
| # include <sys/stat.h>
| #endif
| #ifdef HAVE_UNISTD_H
| # include <unistd.h>
| #endif
| int
| main (void)
| {
| if (sizeof ((size_t)))
| 	    return 0;
|   ;
|   return 0;
| }
configure:17783: result: yes
configure:17795: checking for pow
configure:17795: gcc -o conftest -g -O2   conftest.c  >&5
conftest.c:39:6: warning: conflicting types for built-in function 'pow'; expected 'double(double,  double)' [-Wbuiltin-declaration-mismatch]
   39 | char pow ();
      |      ^~~
conftest.c:31:1: note: 'pow' is declared in header '<math.h>'
   30 | #include <limits.h>
   31 | #undef pow
/usr/bin/ld: /tmp/ccL69Rum.o: in function `main':
/home/junichi/Gyoto/plugins/python/conftest.c:50: undefined reference to `pow'
collect2: error: ld returned 1 exit status
configure:17795: $? = 1
configure: failed program was:
| /* confdefs.h */
| #define PACKAGE_NAME "gyoto-python"
| #define PACKAGE_TARNAME "gyoto-python"
| #define PACKAGE_VERSION "0.0.0"
| #define PACKAGE_STRING "gyoto-python 0.0.0"
| #define PACKAGE_BUGREPORT "gyoto@sympa.obspm.fr"
| #define PACKAGE_URL ""
| #define PACKAGE "gyoto-python"
| #define VERSION "0.0.0"
| #define HAVE_STDIO_H 1
| #define HAVE_STDLIB_H 1
| #define HAVE_STRING_H 1
| #define HAVE_INTTYPES_H 1
| #define HAVE_STDINT_H 1
| #define HAVE_STRINGS_H 1
| #define HAVE_SYS_STAT_H 1
| #define HAVE_SYS_TYPES_H 1
| #define HAVE_UNISTD_H 1
| #define STDC_HEADERS 1
| #define HAVE_DLFCN_H 1
| #define LT_OBJDIR ".libs/"
| /* end confdefs.h.  */
| /* Define pow to an innocuous variant, in case <limits.h> declares pow.
|    For example, HP-UX 11i <limits.h> declares gettimeofday.  */
| #define pow innocuous_pow
| 
| /* System header to define __stub macros and hopefully few prototypes,
|    which can conflict with char pow (); below.  */
| 
| #include <limits.h>
| #undef pow
| 
| /* Override any GCC internal prototype to avoid an error.
|    Use char because int might match the return type of a GCC
|    builtin and then its argument prototype would still apply.  */
| #ifdef __cplusplus
| extern "C"
| #endif
| char pow ();
| /* The GNU C library defines this for functions which it implements
|     to always fail with ENOSYS.  Some functions are actually named
|     something starting with __ and the normal name is an alias.  */
| #if defined __stub_pow || defined __stub___pow
| choke me
| #endif
| 
| int
| main (void)
| {
| return pow ();
|   ;
|   return 0;
| }
configure:17795: result: no
configure:17801: checking for sqrt
configure:17801: gcc -o conftest -g -O2   conftest.c  >&5
conftest.c:39:6: warning: conflicting types for built-in function 'sqrt'; expected 'double(double)' [-Wbuiltin-declaration-mismatch]
   39 | char sqrt ();
      |      ^~~~
conftest.c:31:1: note: 'sqrt' is declared in header '<math.h>'
   30 | #include <limits.h>
   31 | #undef sqrt
/usr/bin/ld: /tmp/ccvtV6Uv.o: in function `main':
/home/junichi/Gyoto/plugins/python/conftest.c:50: undefined reference to `sqrt'
collect2: error: ld returned 1 exit status
configure:17801: $? = 1
configure: failed program was:
| /* confdefs.h */
| #define PACKAGE_NAME "gyoto-python"
| #define PACKAGE_TARNAME "gyoto-python"
| #define PACKAGE_VERSION "0.0.0"
| #define PACKAGE_STRING "gyoto-python 0.0.0"
| #define PACKAGE_BUGREPORT "gyoto@sympa.obspm.fr"
| #define PACKAGE_URL ""
| #define PACKAGE "gyoto-python"
| #define VERSION "0.0.0"
| #define HAVE_STDIO_H 1
| #define HAVE_STDLIB_H 1
| #define HAVE_STRING_H 1
| #define HAVE_INTTYPES_H 1
| #define HAVE_STDINT_H 1
| #define HAVE_STRINGS_H 1
| #define HAVE_SYS_STAT_H 1
| #define HAVE_SYS_TYPES_H 1
| #define HAVE_UNISTD_H 1
| #define STDC_HEADERS 1
| #define HAVE_DLFCN_H 1
| #define LT_OBJDIR ".libs/"
| /* end confdefs.h.  */
| /* Define sqrt to an innocuous variant, in case <limits.h> declares sqrt.
|    For example, HP-UX 11i <limits.h> declares gettimeofday.  */
| #define sqrt innocuous_sqrt
| 
| /* System header to define __stub macros and hopefully few prototypes,
|    which can conflict with char sqrt (); below.  */
| 
| #include <limits.h>
| #undef sqrt
| 
| /* Override any GCC internal prototype to avoid an error.
|    Use char because int might match the return type of a GCC
|    builtin and then its argument prototype would still apply.  */
| #ifdef __cplusplus
| extern "C"
| #endif
| char sqrt ();
| /* The GNU C library defines this for functions which it implements
|     to always fail with ENOSYS.  Some functions are actually named
|     something starting with __ and the normal name is an alias.  */
| #if defined __stub_sqrt || defined __stub___sqrt
| choke me
| #endif
| 
| int
| main (void)
| {
| return sqrt ();
|   ;
|   return 0;
| }
configure:17801: result: no
configure:17837: checking for gyoto
configure:17844: $PKG_CONFIG --exists --print-errors "gyoto"
configure:17847: $? = 0
configure:17861: $PKG_CONFIG --exists --print-errors "gyoto"
configure:17864: $? = 0
configure:17906: result: yes
configure:17958: checking for python3
configure:17981: found /usr/bin/python3
configure:17993: result: /usr/bin/python3
configure:18009: checking for python3-config
configure:18032: found /usr/bin/python3-config
configure:18044: result: /usr/bin/python3-config
configure:18059: checking for Python includes
configure:18072: result: -I/usr/include/python3.10 -I/usr/include/python3.10
configure:18078: checking for Python.h
configure:18078: gcc -c -g -O2 -g -O2 -I/usr/include/python3.10 -I/usr/include/python3.10 conftest.c >&5
configure:18078: $? = 0
configure:18078: result: yes
configure:18086: checking for Python CFLAGS
configure:18099: result: -I/usr/include/python3.10 -I/usr/include/python3.10  -Wno-unused-result -Wsign-compare -g      -fstack-protector-strong -Wformat -Werror=format-security  -DNDEBUG -g -fwrapv -O2 -Wall
configure:18103: checking for Python LDFLAGS
configure:18116: result: -L/usr/lib/python3.10/config-3.10-x86_64-linux-gnu -L/usr/lib/x86_64-linux-gnu -lpython3.10 -lcrypt -ldl  -lm -lm 
configure:18120: checking for Python libs
configure:18133: result: -lpython3.10 -lcrypt -ldl  -lm -lm 
configure:18165: checking for NumPy include files
configure:18168: result: /usr/lib/python3/dist-packages/numpy/core/include
configure:18319: checking that generated files are newer than configure
configure:18325: result: done
configure:18360: creating ./config.status

## ---------------------- ##
## Running config.status. ##
## ---------------------- ##

This file was extended by gyoto-python config.status 0.0.0, which was
generated by GNU Autoconf 2.71.  Invocation command line was

  CONFIG_FILES    = 
  CONFIG_HEADERS  = 
  CONFIG_LINKS    = 
  CONFIG_COMMANDS = 
  $ ./config.status 

on junichi-VirtualBox

config.status:1098: creating Makefile
config.status:1098: creating lib/Makefile
config.status:1098: creating bin/gyoto
config.status:1270: executing depfiles commands
config.status:1347: cd lib       && sed -e '/# am--include-marker/d' Makefile         | make -f - am--depfiles
make: Nothing to be done for 'am--depfiles'.
config.status:1352: $? = 0
config.status:1270: executing libtool commands

## ---------------- ##
## Cache variables. ##
## ---------------- ##

ac_cv_build=x86_64-unknown-linux-gnu
ac_cv_c_compiler_gnu=yes
ac_cv_cxx_compiler_gnu=yes
ac_cv_env_CCC_set=
ac_cv_env_CCC_value=
ac_cv_env_CC_set=
ac_cv_env_CC_value=
ac_cv_env_CFLAGS_set=
ac_cv_env_CFLAGS_value=
ac_cv_env_CPPFLAGS_set=
ac_cv_env_CPPFLAGS_value=
ac_cv_env_CXXCPP_set=
ac_cv_env_CXXCPP_value=
ac_cv_env_CXXFLAGS_set=
ac_cv_env_CXXFLAGS_value=
ac_cv_env_CXX_set=
ac_cv_env_CXX_value=
ac_cv_env_Gyoto_CFLAGS_set=
ac_cv_env_Gyoto_CFLAGS_value=
ac_cv_env_Gyoto_LIBS_set=
ac_cv_env_Gyoto_LIBS_value=
ac_cv_env_LDFLAGS_set=
ac_cv_env_LDFLAGS_value=
ac_cv_env_LIBS_set=
ac_cv_env_LIBS_value=
ac_cv_env_LT_SYS_LIBRARY_PATH_set=
ac_cv_env_LT_SYS_LIBRARY_PATH_value=
ac_cv_env_PKG_CONFIG_LIBDIR_set=
ac_cv_env_PKG_CONFIG_LIBDIR_value=
ac_cv_env_PKG_CONFIG_PATH_set=
ac_cv_env_PKG_CONFIG_PATH_value=
ac_cv_env_PKG_CONFIG_set=
ac_cv_env_PKG_CONFIG_value=
ac_cv_env_PYTHON_CONFIG_set=
ac_cv_env_PYTHON_CONFIG_value=
ac_cv_env_PYTHON_set=
ac_cv_env_PYTHON_value=
ac_cv_env_build_alias_set=
ac_cv_env_build_alias_value=
ac_cv_env_host_alias_set=
ac_cv_env_host_alias_value=
ac_cv_env_target_alias_set=
ac_cv_env_target_alias_value=
ac_cv_func_pow=no
ac_cv_func_sqrt=no
ac_cv_header_Python_h=yes
ac_cv_header_dlfcn_h=yes
ac_cv_header_inttypes_h=yes
ac_cv_header_stdint_h=yes
ac_cv_header_stdio_h=yes
ac_cv_header_stdlib_h=yes
ac_cv_header_string_h=yes
ac_cv_header_strings_h=yes
ac_cv_header_sys_stat_h=yes
ac_cv_header_sys_types_h=yes
ac_cv_header_unistd_h=yes
ac_cv_host=x86_64-unknown-linux-gnu
ac_cv_objext=o
ac_cv_path_EGREP='/usr/bin/grep -E'
ac_cv_path_FGREP='/usr/bin/grep -F'
ac_cv_path_GREP=/usr/bin/grep
ac_cv_path_PYTHON=/usr/bin/python3
ac_cv_path_PYTHON_CONFIG=/usr/bin/python3-config
ac_cv_path_SED=/usr/bin/sed
ac_cv_path_ac_pt_PKG_CONFIG=/usr/bin/pkg-config
ac_cv_path_install='/usr/bin/install -c'
ac_cv_path_lt_DD=/usr/bin/dd
ac_cv_path_mkdir=/usr/bin/mkdir
ac_cv_prog_AWK=mawk
ac_cv_prog_CXXCPP='g++ -E'
ac_cv_prog_ac_ct_AR=ar
ac_cv_prog_ac_ct_CC=gcc
ac_cv_prog_ac_ct_CXX=g++
ac_cv_prog_ac_ct_MANIFEST_TOOL=mt
ac_cv_prog_ac_ct_OBJDUMP=objdump
ac_cv_prog_ac_ct_RANLIB=ranlib
ac_cv_prog_ac_ct_STRIP=strip
ac_cv_prog_cc_c11=
ac_cv_prog_cc_g=yes
ac_cv_prog_cc_stdc=
ac_cv_prog_cxx_11=no
ac_cv_prog_cxx_cxx11=
ac_cv_prog_cxx_g=yes
ac_cv_prog_cxx_stdcxx=
ac_cv_prog_make_make_set=yes
ac_cv_target=x86_64-unknown-linux-gnu
ac_cv_type_size_t=yes
am_cv_CC_dependencies_compiler_type=gcc3
am_cv_CXX_dependencies_compiler_type=gcc3
am_cv_make_support_nested_variables=yes
am_cv_prog_cc_c_o=yes
lt_cv_ar_at_file=@
lt_cv_archive_cmds_need_lc=no
lt_cv_deplibs_check_method=pass_all
lt_cv_file_magic_cmd='$MAGIC_CMD'
lt_cv_file_magic_test_file=
lt_cv_ld_reload_flag=-r
lt_cv_nm_interface='BSD nm'
lt_cv_objdir=.libs
lt_cv_path_LD=/usr/bin/ld
lt_cv_path_LDCXX='/usr/bin/ld -m elf_x86_64'
lt_cv_path_NM='/usr/bin/nm -B'
lt_cv_path_mainfest_tool=no
lt_cv_prog_compiler_c_o=yes
lt_cv_prog_compiler_c_o_CXX=yes
lt_cv_prog_compiler_pic='-fPIC -DPIC'
lt_cv_prog_compiler_pic_CXX='-fPIC -DPIC'
lt_cv_prog_compiler_pic_works=yes
lt_cv_prog_compiler_pic_works_CXX=yes
lt_cv_prog_compiler_rtti_exceptions=no
lt_cv_prog_compiler_static_works=yes
lt_cv_prog_compiler_static_works_CXX=yes
lt_cv_prog_gnu_ld=yes
lt_cv_prog_gnu_ldcxx=yes
lt_cv_sharedlib_from_linklib_cmd='printf %s\n'
lt_cv_shlibpath_overrides_runpath=yes
lt_cv_sys_global_symbol_pipe='sed -n -e '\''s/^.*[	 ]\([ABCDGIRSTW][ABCDGIRSTW]*\)[	 ][	 ]*\([_A-Za-z][_A-Za-z0-9]*\)$/\1 \2 \2/p'\'' | sed '\''/ __gnu_lto/d'\'''
lt_cv_sys_global_symbol_to_c_name_address='sed -n -e '\''s/^: \(.*\) .*$/  {"\1", (void *) 0},/p'\'' -e '\''s/^[ABCDGIRSTW][ABCDGIRSTW]* .* \(.*\)$/  {"\1", (void *) \&\1},/p'\'''
lt_cv_sys_global_symbol_to_c_name_address_lib_prefix='sed -n -e '\''s/^: \(.*\) .*$/  {"\1", (void *) 0},/p'\'' -e '\''s/^[ABCDGIRSTW][ABCDGIRSTW]* .* \(lib.*\)$/  {"\1", (void *) \&\1},/p'\'' -e '\''s/^[ABCDGIRSTW][ABCDGIRSTW]* .* \(.*\)$/  {"lib\1", (void *) \&\1},/p'\'''
lt_cv_sys_global_symbol_to_cdecl='sed -n -e '\''s/^T .* \(.*\)$/extern int \1();/p'\'' -e '\''s/^[ABCDGIRSTW][ABCDGIRSTW]* .* \(.*\)$/extern char \1;/p'\'''
lt_cv_sys_global_symbol_to_import=
lt_cv_sys_max_cmd_len=1572864
lt_cv_to_host_file_cmd=func_convert_file_noop
lt_cv_to_tool_file_cmd=func_convert_file_noop
lt_cv_truncate_bin='/usr/bin/dd bs=4096 count=1'
pc_cv_python_cflags='-I/usr/include/python3.10 -I/usr/include/python3.10  -Wno-unused-result -Wsign-compare -g      -fstack-protector-strong -Wformat -Werror=format-security  -DNDEBUG -g -fwrapv -O2 -Wall'
pc_cv_python_includes='-I/usr/include/python3.10 -I/usr/include/python3.10'
pc_cv_python_ldflags='-L/usr/lib/python3.10/config-3.10-x86_64-linux-gnu -L/usr/lib/x86_64-linux-gnu -lpython3.10 -lcrypt -ldl  -lm -lm '
pc_cv_python_libs='-lpython3.10 -lcrypt -ldl  -lm -lm '
pkg_cv_Gyoto_CFLAGS='-g -O2 -I/home/junichi/Gyoto/include -I/usr/include/eigen3'
pkg_cv_Gyoto_LIBS='-L/home/junichi/Gyoto/lib/.libs -lgyoto-unreleased -ldl -lflint-arb -ludunits2 -lxerces-c -lcfitsio -lpthread'

## ----------------- ##
## Output variables. ##
## ----------------- ##

ACLOCAL='${SHELL} '\''/home/junichi/Gyoto/missing'\'' aclocal-1.16'
AMDEPBACKSLASH='\'
AMDEP_FALSE='#'
AMDEP_TRUE=''
AMTAR='$${TAR-tar}'
AM_BACKSLASH='\'
AM_DEFAULT_V='$(AM_DEFAULT_VERBOSITY)'
AM_DEFAULT_VERBOSITY='1'
AM_V='$(V)'
AR='ar'
AUTOCONF='${SHELL} '\''/home/junichi/Gyoto/missing'\'' autoconf'
AUTOHEADER='${SHELL} '\''/home/junichi/Gyoto/missing'\'' autoheader'
AUTOMAKE='${SHELL} '\''/home/junichi/Gyoto/missing'\'' automake-1.16'
AWK='mawk'
CC='gcc'
CCDEPMODE='depmode=gcc3'
CFLAGS='-g -O2'
CPPFLAGS=''
CSCOPE='cscope'
CTAGS='ctags'
CXX='mpic++'
CXXCPP='g++ -E'
CXXDEPMODE='depmode=gcc3'
CXXFLAGS='-g -O2'
CYGPATH_W='echo'
DEFAULT_FALSE='#'
DEFAULT_TRUE=''
DEFS='-DPACKAGE_NAME=\"gyoto-python\" -DPACKAGE_TARNAME=\"gyoto-python\" -DPACKAGE_VERSION=\"0.0.0\" -DPACKAGE_STRING=\"gyoto-python\ 0.0.0\" -DPACKAGE_BUGREPORT=\"gyoto@sympa.obspm.fr\" -DPACKAGE_URL=\"\" -DPACKAGE=\"gyoto-python\" -DVERSION=\"0.0.0\" -DHAVE_STDIO_H=1 -DHAVE_STDLIB_H=1 -DHAVE_STRING_H=1 -DHAVE_INTTYPES_H=1 -DHAVE_STDINT_H=1 -DHAVE_STRINGS_H=1 -DHAVE_SYS_STAT_H=1 -DHAVE_SYS_TYPES_H=1 -DHAVE_UNISTD_H=1 -DSTDC_HEADERS=1 -DHAVE_DLFCN_H=1 -DLT_OBJDIR=\".libs/\"'
DEPDIR='.deps'
DLLTOOL='false'
DSYMUTIL=''
DUMPBIN=''
DYLIB_VAR='LD_LIBRARY_PATH'
ECHO_C=''
ECHO_N='-n'
ECHO_T=''
EGREP='/usr/bin/grep -E'
ETAGS='etags'
EXEEXT=''
FGREP='/usr/bin/grep -F'
GREP='/usr/bin/grep'
GYOTO='/home/junichi/Gyoto/bin/gyoto'
GYOTO_EPREFIX='/usr/local'
GYOTO_PLUGIN_SFX='so'
GYOTO_PREFIX='/usr/local'
Gyoto_CFLAGS='-g -O2 -I/home/junichi/Gyoto/include -I/usr/include/eigen3'
Gyoto_LIBS='-L/home/junichi/Gyoto/lib/.libs -lgyoto-unreleased -ldl -lflint-arb -ludunits2 -lxerces-c -lcfitsio -lpthread'
INSTALL_DATA='${INSTALL} -m 644'
INSTALL_PROGRAM='${INSTALL}'
INSTALL_SCRIPT='${INSTALL}'
INSTALL_STRIP_PROGRAM='$(install_sh) -c -s'
LD='/usr/bin/ld -m elf_x86_64'
LDFLAGS=''
LIBOBJS=''
LIBS=''
LIBTOOL='$(SHELL) $(top_builddir)/libtool'
LIPO=''
LN_S='ln -s'
LTLIBOBJS=''
LT_SYS_LIBRARY_PATH=''
MAKEINFO='${SHELL} '\''/home/junichi/Gyoto/missing'\'' makeinfo'
MANIFEST_TOOL=':'
MKDIR_P='/usr/bin/mkdir -p'
NM='/usr/bin/nm -B'
NMEDIT=''
NUMPY_CFLAGS='-I/usr/lib/python3/dist-packages/numpy/core/include'
OBJDUMP='objdump'
OBJEXT='o'
OTOOL64=''
OTOOL=''
PACKAGE='gyoto-python'
PACKAGE_BUGREPORT='gyoto@sympa.obspm.fr'
PACKAGE_NAME='gyoto-python'
PACKAGE_STRING='gyoto-python 0.0.0'
PACKAGE_TARNAME='gyoto-python'
PACKAGE_URL=''
PACKAGE_VERSION='0.0.0'
PATH_SEPARATOR=':'
PKG_CONFIG='/usr/bin/pkg-config'
PKG_CONFIG_LIBDIR=''
PKG_CONFIG_PATH='../../lib'
PYTHON='/usr/bin/python3'
PYTHON_CFLAGS='-I/usr/include/python3.10 -I/usr/include/python3.10  -Wno-unused-result -Wsign-compare -g      -fstack-protector-strong -Wformat -Werror=format-security  -DNDEBUG -g -fwrapv -O2 -Wall'
PYTHON_CONFIG='/usr/bin/python3-config'
PYTHON_INCLUDES='-I/usr/include/python3.10 -I/usr/include/python3.10'
PYTHON_LDFLAGS='-L/usr/lib/python3.10/config-3.10-x86_64-linux-gnu -L/usr/lib/x86_64-linux-gnu -lpython3.10 -lcrypt -ldl  -lm -lm '
PYTHON_LIBS='-lpython3.10 -lcrypt -ldl  -lm -lm '
RANLIB='ranlib'
SED='/usr/bin/sed'
SET_MAKE=''
SHELL='/bin/bash'
STRIP='strip'
SYS='other'
VERSION='0.0.0'
Y_INST_HOME='/usr/local/lib/yorick'
Y_INST_SITE='/usr/local/lib/yorick'
ac_ct_AR='ar'
ac_ct_CC='gcc'
ac_ct_CXX='g++'
ac_ct_DUMPBIN=''
am__EXEEXT_FALSE=''
am__EXEEXT_TRUE='#'
am__fastdepCC_FALSE='#'
am__fastdepCC_TRUE=''
am__fastdepCXX_FALSE='#'
am__fastdepCXX_TRUE=''
am__include='include'
am__isrc=''
am__leading_dot='.'
am__nodep='_no'
am__quote=''
am__tar='$${TAR-tar} chof - "$$tardir"'
am__untar='$${TAR-tar} xf -'
bindir='${exec_prefix}/bin'
build='x86_64-unknown-linux-gnu'
build_alias=''
build_cpu='x86_64'
build_os='linux-gnu'
build_vendor='unknown'
datadir='${datarootdir}'
datarootdir='${prefix}/share'
docdir='${datarootdir}/doc/${PACKAGE_TARNAME}'
dvidir='${docdir}'
exec_prefix='${prefix}'
host='x86_64-unknown-linux-gnu'
host_alias=''
host_cpu='x86_64'
host_os='linux-gnu'
host_vendor='unknown'
htmldir='${docdir}'
includedir='${prefix}/include'
infodir='${datarootdir}/info'
install_sh='${SHELL} /home/junichi/Gyoto/install-sh'
libdir='${exec_prefix}/lib'
libexecdir='${exec_prefix}/libexec'
linkname='python3'
localedir='${datarootdir}/locale'
localstatedir='${prefix}/var'
mandir='${datarootdir}/man'
mkdir_p='$(MKDIR_P)'
mySUBDIRS='lib'
oldincludedir='/usr/include'
pdfdir='${docdir}'
plugin_sfx='so'
pluginname='python3.10'
prefix='/usr/local'
program_transform_name='s,x,x,'
psdir='${docdir}'
runstatedir='${localstatedir}/run'
sbindir='${exec_prefix}/sbin'
sharedstatedir='${prefix}/com'
soverdir='/usr/local/lib/gyoto/9-unreleased'
sysconfdir='${prefix}/etc'
target='x86_64-unknown-linux-gnu'
target_alias=''
target_cpu='x86_64'
target_os='linux-gnu'
target_vendor='unknown'

## ----------- ##
## confdefs.h. ##
## ----------- ##

/* confdefs.h */
#define PACKAGE_NAME "gyoto-python"
#define PACKAGE_TARNAME "gyoto-python"
#define PACKAGE_VERSION "0.0.0"
#define PACKAGE_STRING "gyoto-python 0.0.0"
#define PACKAGE_BUGREPORT "gyoto@sympa.obspm.fr"
#define PACKAGE_URL ""
#define PACKAGE "gyoto-python"
#define VERSION "0.0.0"
#define HAVE_STDIO_H 1
#define HAVE_STDLIB_H 1
#define HAVE_STRING_H 1
#define HAVE_INTTYPES_H 1
#define HAVE_STDINT_H 1
#define HAVE_STRINGS_H 1
#define HAVE_SYS_STAT_H 1
#define HAVE_SYS_TYPES_H 1
#define HAVE_UNISTD_H 1
#define STDC_HEADERS 1
#define HAVE_DLFCN_H 1
#define LT_OBJDIR ".libs/"

configure: exit 0
